2025-03-06 19:11:11,465 : INFO : test_1_enter_valid_credentials :Logging in with valid credentials. E-mail: caioaza@gmail.com / Password: 1234
2025-03-06 19:11:11,477 : INFO : test_1_enter_valid_credentials :Assertion Passed: login was made successfully
2025-03-06 19:35:10,851 : INFO : test_1_enter_valid_credentials :Logging in with valid credentials. E-mail: caioaza@gmail.com / Password: 1234
2025-03-06 19:35:10,872 : INFO : test_1_enter_valid_credentials :Assertion Passed: login was made successfully
2025-03-06 20:11:01,260 : INFO : test_1_enter_valid_credentials :Logging in with valid credentials. E-mail: caioaza@gmail.com / Password: 1234
2025-03-06 20:11:01,267 : INFO : test_1_enter_valid_credentials :Assertion Passed: login was made successfully
2025-03-06 20:14:39,197 : INFO : test_1_enter_valid_credentials :Logging in with valid credentials. E-mail: caioaza@gmail.com / Password: 1234
2025-03-06 20:14:39,205 : INFO : test_1_enter_valid_credentials :Assertion Passed: login was made successfully
2025-03-06 20:14:47,058 : INFO : test_2_enter_invalid_credentials :Logging in with invalid credentials. E-mail: fgsdf@gmail.com / Password: sdfgsfdg
2025-03-06 20:14:47,101 : INFO : test_2_enter_invalid_credentials :Assertion Passed: Invalid login error message was displayed.
2025-03-06 20:14:58,488 : INFO : test_3_empty_credentials :Logging in with empty credentials.
2025-03-06 20:14:58,522 : INFO : test_3_empty_credentials :Assertion Passed: Invalid login error message was displayed.
2025-03-06 20:19:44,129 : INFO : test_1_enter_valid_credentials :Logging in with valid credentials. E-mail: caioaza@gmail.com / Password: 1234
2025-03-06 20:19:44,138 : INFO : test_1_enter_valid_credentials :Assertion Passed: login was made successfully
2025-03-06 20:19:52,030 : INFO : test_2_enter_invalid_credentials :Logging in with invalid credentials. E-mail: fgsdf@gmail.com / Password: sdfgsfdg
2025-03-06 20:19:52,063 : INFO : test_2_enter_invalid_credentials :Assertion Passed: Invalid login error message was displayed.
2025-03-06 20:20:03,472 : INFO : test_3_empty_credentials :Logging in with empty credentials.
2025-03-06 20:20:03,497 : INFO : test_3_empty_credentials :Assertion Passed: Invalid login error message was displayed.
2025-03-06 20:21:14,800 : INFO : test_1_enter_valid_credentials :Logging in with valid credentials. E-mail: caioaza@gmail.com / Password: 1234
2025-03-06 20:21:14,811 : INFO : test_1_enter_valid_credentials :Assertion Passed: login was made successfully
2025-03-06 20:21:22,712 : INFO : test_2_enter_invalid_credentials :Logging in with invalid credentials. E-mail: fgsdf@gmail.com / Password: sdfgsfdg
2025-03-06 20:21:22,739 : INFO : test_2_enter_invalid_credentials :Assertion Passed: Invalid login error message was displayed.
2025-03-06 20:21:34,167 : INFO : test_3_empty_credentials :Logging in with empty credentials.
2025-03-06 20:21:34,196 : ERROR : test_3_empty_credentials :Assertion Failed! Invalid login error message wasn't displayed.
2025-03-10 16:57:34,958 : INFO : before_scenario :Assertion Passed: login was made successfully
2025-03-10 16:58:02,401 : INFO : before_scenario :Assertion Passed: Invalid login error message was displayed.
2025-03-10 16:58:24,142 : INFO : before_scenario :Assertion Passed: Invalid login error message was displayed.
2025-03-10 17:12:16,407 : INFO : before_scenario :Assertion Passed: login was made successfully
2025-03-10 17:12:28,635 : INFO : before_scenario :Assertion Passed: Invalid login error message was displayed.
2025-03-10 17:12:39,058 : INFO : before_scenario :Assertion Passed: Invalid login error message was displayed.
2025-03-10 17:19:20,843 : INFO : test_1_enter_valid_credentials :Logging in with valid credentials. E-mail: caioaza@gmail.com / Password: 1234
2025-03-10 17:19:20,859 : INFO : test_1_enter_valid_credentials :Assertion Passed: login was made successfully
2025-03-10 17:19:29,869 : INFO : test_2_enter_invalid_credentials :Logging in with invalid credentials. E-mail: fgsdf@gmail.com / Password: sdfgsfdg
2025-03-10 17:19:29,907 : INFO : test_2_enter_invalid_credentials :Assertion Passed: Invalid login error message was displayed.
2025-03-10 17:19:41,614 : INFO : test_3_empty_credentials :Logging in with empty credentials.
2025-03-10 17:19:41,633 : INFO : test_3_empty_credentials :Assertion Passed: Invalid login error message was displayed.
2025-03-10 17:20:53,314 : INFO : test_1_enter_valid_credentials :Logging in with valid credentials. E-mail: caioaza@gmail.com / Password: 1234
2025-03-10 17:20:53,329 : INFO : test_1_enter_valid_credentials :Assertion Passed: login was made successfully
2025-03-10 17:21:05,247 : INFO : test_2_enter_invalid_credentials :Logging in with invalid credentials. E-mail: fgsdf@gmail.com / Password: sdfgsfdg
2025-03-10 17:21:05,371 : INFO : test_2_enter_invalid_credentials :Assertion Passed: Invalid login error message was displayed.
2025-03-10 17:22:25,280 : INFO : test_1_enter_valid_credentials :Logging in with valid credentials. E-mail: caioaza@gmail.com / Password: 1234
2025-03-10 17:22:25,294 : INFO : test_1_enter_valid_credentials :Assertion Passed: login was made successfully
2025-03-10 17:22:31,034 : INFO : test_2_enter_invalid_credentials :Logging in with invalid credentials. E-mail: fgsdf@gmail.com / Password: sdfgsfdg
2025-03-10 17:22:31,294 : INFO : test_2_enter_invalid_credentials :Assertion Passed: Invalid login error message was displayed.
2025-03-10 17:23:25,603 : INFO : test_1_enter_valid_credentials :Logging in with valid credentials. E-mail: caioaza@gmail.com / Password: 1234
2025-03-10 17:23:25,615 : INFO : test_1_enter_valid_credentials :Assertion Passed: login was made successfully
2025-03-10 17:23:30,872 : INFO : test_2_enter_invalid_credentials :Logging in with invalid credentials. E-mail: fgsdf@gmail.com / Password: sdfgsfdg
2025-03-10 17:23:30,910 : INFO : test_2_enter_invalid_credentials :Assertion Passed: Invalid login error message was displayed.
2025-03-10 17:24:58,234 : INFO : test_1_enter_valid_credentials :Logging in with valid credentials. E-mail: caioaza@gmail.com / Password: 1234
2025-03-10 17:24:58,246 : INFO : test_1_enter_valid_credentials :Assertion Passed: login was made successfully
2025-03-10 17:25:03,879 : INFO : test_2_enter_invalid_credentials :Logging in with invalid credentials. E-mail: fgsdf@gmail.com / Password: sdfgsfdg
2025-03-10 17:25:03,921 : INFO : test_2_enter_invalid_credentials :Assertion Passed: Invalid login error message was displayed.
2025-03-10 17:25:15,849 : INFO : test_3_empty_credentials :Logging in with empty credentials.
2025-03-10 17:25:15,872 : INFO : test_3_empty_credentials :Assertion Passed: Invalid login error message was displayed.
2025-03-10 17:31:27,879 : INFO : before_scenario :Assertion Passed: Invalid login error message was displayed.
2025-03-10 17:31:36,208 : INFO : before_scenario :Assertion Passed: Invalid login error message was displayed.
2025-03-10 17:37:59,654 : INFO : before_scenario :Assertion Passed: login was made successfully
2025-03-10 17:38:11,946 : INFO : before_scenario :Assertion Passed: Invalid login error message was displayed.
2025-03-10 17:38:24,978 : INFO : before_scenario :Assertion Passed: Invalid login error message was displayed.
2025-03-10 17:55:14,332 : INFO : before_scenario :Assertion Passed: login was made successfully
2025-03-10 17:55:19,730 : INFO : before_scenario :Assertion Passed: Invalid login error message was displayed.
2025-03-10 17:55:27,834 : INFO : before_scenario :Assertion Passed: Invalid login error message was displayed.
2025-03-10 18:25:03,453 : INFO : before_scenario :Assertion Passed: login was made successfully
2025-03-10 18:25:10,907 : INFO : before_scenario :Assertion Passed: Invalid login error message was displayed.
2025-03-10 18:25:22,225 : INFO : before_scenario :Assertion Passed: Invalid login error message was displayed.
2025-03-13 21:56:51,726 : INFO : step_impl :Collected product names: ['Sony VAIO']
2025-03-13 21:56:52,571 : INFO : step_impl :Collected product names: ['Sony VAIO', 'Nikon D300']
2025-03-17 20:52:05,413 : INFO : step_impl :Collected product names: ['Sony VAIO']
2025-03-17 20:52:06,206 : INFO : step_impl :Collected product names: ['Sony VAIO', 'Nikon D300']
2025-03-17 20:56:40,007 : INFO : step_impl :Collected product names: ['Sony VAIO']
2025-03-17 20:56:40,738 : INFO : step_impl :Collected product names: ['Sony VAIO', 'Nikon D300']
2025-03-21 16:46:41,110 : INFO : test_1_enter_valid_product_name :Assertion Passed: the displayed products match with the expected products.
2025-03-21 16:47:27,845 : ERROR : test_1_enter_valid_product_name :Assertion Failed! the displayed products don't match with the expected products. Error: Assertion Failed! the displayed products don't match with the expected products.
assert {'{"name": "iPod Touch", "price": "$122.00"}', '{"name": "iPod Shuffl2e", "price": "$122.00"}', '{"name": "iPod Nano", "price": "$122.00"}', '{"name": "iPod Classic", "price": "$122.00"}'} == {'{"name": "iPod Shuffle", "price": "$122.00"}', '{"name": "iPod Touch", "price": "$122.00"}', '{"name": "iPod Nano", "price": "$122.00"}', '{"name": "iPod Classic", "price": "$122.00"}'}
  
  Extra items in the left set:
  '{"name": "iPod Shuffl2e", "price": "$122.00"}'
  Extra items in the right set:
  '{"name": "iPod Shuffle", "price": "$122.00"}'
  
  Full diff:
    {
        '{"name": "iPod Classic", "price": "$122.00"}',
        '{"name": "iPod Nano", "price": "$122.00"}',
  -     '{"name": "iPod Shuffle", "price": "$122.00"}',
  +     '{"name": "iPod Shuffl2e", "price": "$122.00"}',
  ?                           +
        '{"name": "iPod Touch", "price": "$122.00"}',
    }
2025-03-24 10:26:03,427 : INFO : test_1_enter_valid_product_name :Assertion Passed: the displayed products match with the expected products.
2025-03-24 10:37:26,839 : INFO : test_1_enter_valid_product_name :Assertion Passed: the displayed products match with the expected products.
